<?xml version="1.0" encoding="UTF-8"?>
<!-- Generated by org.testng.reporters.JUnitReportReporter -->
<testsuite hostname="yogesh-Lenovo-E41-25" failures="0" tests="5" name="RegisterTestCases.registerMultipleUsers" time="175.784" errors="0" timestamp="2025-11-04T22:22:30 IST" skipped="0">
  <testcase classname="RegisterTestCases.registerMultipleUsers" name="registerUsers" time="28.343"/>
  <testcase classname="RegisterTestCases.registerMultipleUsers" name="registerUsers" time="43.238"/>
  <testcase classname="RegisterTestCases.registerMultipleUsers" name="registerUsers" time="29.394"/>
  <testcase classname="RegisterTestCases.registerMultipleUsers" name="registerUsers" time="40.389"/>
  <testcase classname="RegisterTestCases.registerMultipleUsers" name="registerUsers" time="34.420"/>
</testsuite> <!-- RegisterTestCases.registerMultipleUsers -->
